action: py39-ansible30, msg: envreport
cwd: /opt/vector-role
cmd: /opt/vector-role/.tox/py39-ansible30/bin/python -m pip freeze
ansible==3.0.0
ansible-base==2.10.17
ansible-compat==2.2.1
ansible-lint==5.1.3
arrow==1.2.3
attrs==22.1.0
bcrypt==4.0.1
binaryornot==0.4.4
bracex==2.3.post1
Cerberus==1.3.2
certifi==2022.9.24
cffi==1.15.1
chardet==5.0.0
charset-normalizer==2.1.1
click==8.1.3
click-help-colors==0.9.1
commonmark==0.9.1
cookiecutter==2.1.1
cryptography==38.0.1
distro==1.8.0
enrich==1.2.7
idna==3.4
Jinja2==3.1.2
jinja2-time==0.2.0
jmespath==1.0.1
jsonschema==4.16.0
lxml==4.9.1
MarkupSafe==2.1.1
molecule==3.4.0
molecule-podman==1.0.1
packaging==21.3
paramiko==2.11.0
pathspec==0.10.1
pluggy==0.13.1
pycparser==2.21
Pygments==2.13.0
PyNaCl==1.5.0
pyparsing==3.0.9
pyrsistent==0.18.1
python-dateutil==2.8.2
python-slugify==6.1.2
PyYAML==5.4.1
requests==2.28.1
rich==12.6.0
ruamel.yaml==0.17.21
ruamel.yaml.clib==0.2.6
selinux==0.2.1
six==1.16.0
subprocess-tee==0.3.5
tenacity==8.1.0
text-unidecode==1.3
urllib3==1.26.12
wcmatch==8.4.1
yamllint==1.26.3
