action: py39-ansible30, msg: getenv
cwd: /opt/vector-role
cmd: /opt/vector-role/.tox/py39-ansible30/bin/python -m pip install -rtox-requirements.txt 'ansible<3.1'
Collecting ansible<3.1
  Downloading ansible-3.0.0.tar.gz (30.8 MB)
     ━━━━━━━━━━━━━━━━━━━━━━━━━━━━━━━━━━━━━━━━ 30.8/30.8 MB 1.5 MB/s eta 0:00:00
  Preparing metadata (setup.py): started
  Preparing metadata (setup.py): finished with status 'done'
Collecting selinux
  Using cached selinux-0.2.1-py2.py3-none-any.whl (4.3 kB)
Collecting ansible-lint==5.1.3
  Using cached ansible_lint-5.1.3-py3-none-any.whl (113 kB)
Collecting yamllint==1.26.3
  Using cached yamllint-1.26.3-py2.py3-none-any.whl
Collecting lxml
  Using cached lxml-4.9.1-cp39-cp39-manylinux_2_17_x86_64.manylinux2014_x86_64.manylinux_2_24_x86_64.whl (7.0 MB)
Collecting molecule==3.4.0
  Using cached molecule-3.4.0-py3-none-any.whl (239 kB)
Collecting molecule_podman
  Using cached molecule_podman-2.0.3-py3-none-any.whl (15 kB)
Collecting jmespath
  Using cached jmespath-1.0.1-py3-none-any.whl (20 kB)
Collecting rich>=9.5.1
  Using cached rich-12.6.0-py3-none-any.whl (237 kB)
Collecting enrich>=1.2.6
  Using cached enrich-1.2.7-py3-none-any.whl (8.7 kB)
Collecting packaging
  Using cached packaging-21.3-py3-none-any.whl (40 kB)
Collecting ruamel.yaml<1,>=0.15.37
  Using cached ruamel.yaml-0.17.21-py3-none-any.whl (109 kB)
Collecting wcmatch>=7.0
  Using cached wcmatch-8.4.1-py3-none-any.whl (39 kB)
Collecting pyyaml
  Using cached PyYAML-6.0-cp39-cp39-manylinux_2_5_x86_64.manylinux1_x86_64.manylinux_2_12_x86_64.manylinux2010_x86_64.whl (661 kB)
Collecting tenacity
  Using cached tenacity-8.1.0-py3-none-any.whl (23 kB)
Collecting pathspec>=0.5.3
  Using cached pathspec-0.10.1-py3-none-any.whl (27 kB)
Requirement already satisfied: setuptools in ./.tox/py39-ansible30/lib/python3.9/site-packages (from yamllint==1.26.3->-r tox-requirements.txt (line 3)) (62.1.0)
Collecting cerberus!=1.3.3,!=1.3.4,>=1.3.1
  Using cached Cerberus-1.3.2-py3-none-any.whl
Collecting subprocess-tee>=0.3.2
  Using cached subprocess_tee-0.3.5-py3-none-any.whl (8.0 kB)
Collecting click<9,>=8.0
  Using cached click-8.1.3-py3-none-any.whl (96 kB)
Collecting Jinja2>=2.11.3
  Using cached Jinja2-3.1.2-py3-none-any.whl (133 kB)
Collecting paramiko<3,>=2.5.0
  Using cached paramiko-2.11.0-py2.py3-none-any.whl (212 kB)
Collecting pluggy<1.0,>=0.7.1
  Using cached pluggy-0.13.1-py2.py3-none-any.whl (18 kB)
Collecting click-help-colors>=0.9
  Using cached click_help_colors-0.9.1-py3-none-any.whl (5.5 kB)
Collecting pyyaml
  Using cached PyYAML-5.4.1-cp39-cp39-manylinux1_x86_64.whl (630 kB)
Collecting cookiecutter>=1.7.3
  Using cached cookiecutter-2.1.1-py2.py3-none-any.whl (36 kB)
Collecting ansible-base<2.11,>=2.10.5
  Using cached ansible_base-2.10.17-py3-none-any.whl
Collecting distro>=1.3.0
  Using cached distro-1.8.0-py3-none-any.whl (20 kB)
Collecting ansible-compat>=2.2.0
  Using cached ansible_compat-2.2.1-py3-none-any.whl (19 kB)
Collecting molecule_podman
  Using cached molecule_podman-2.0.2-py3-none-any.whl (15 kB)
  Using cached molecule_podman-2.0.1-py3-none-any.whl (9.9 kB)
  Using cached molecule_podman-2.0.0-py3-none-any.whl (15 kB)
  Using cached molecule_podman-1.1.0-py3-none-any.whl (15 kB)
  Using cached molecule_podman-1.0.1-py3-none-any.whl (14 kB)
Collecting cryptography
  Using cached cryptography-38.0.1-cp36-abi3-manylinux_2_28_x86_64.whl (4.2 MB)
Collecting jsonschema>=4.6.0
  Using cached jsonschema-4.16.0-py3-none-any.whl (83 kB)
Collecting binaryornot>=0.4.4
  Using cached binaryornot-0.4.4-py2.py3-none-any.whl (9.0 kB)
Collecting requests>=2.23.0
  Using cached requests-2.28.1-py3-none-any.whl (62 kB)
Collecting python-slugify>=4.0.0
  Using cached python_slugify-6.1.2-py2.py3-none-any.whl (9.4 kB)
Collecting jinja2-time>=0.2.0
  Using cached jinja2_time-0.2.0-py2.py3-none-any.whl (6.4 kB)
Collecting MarkupSafe>=2.0
  Using cached MarkupSafe-2.1.1-cp39-cp39-manylinux_2_17_x86_64.manylinux2014_x86_64.whl (25 kB)
Collecting pynacl>=1.0.1
  Using cached PyNaCl-1.5.0-cp36-abi3-manylinux_2_17_x86_64.manylinux2014_x86_64.manylinux_2_24_x86_64.whl (856 kB)
Collecting bcrypt>=3.1.3
  Using cached bcrypt-4.0.1-cp36-abi3-manylinux_2_28_x86_64.whl (593 kB)
Collecting six
  Using cached six-1.16.0-py2.py3-none-any.whl (11 kB)
Collecting commonmark<0.10.0,>=0.9.0
  Using cached commonmark-0.9.1-py2.py3-none-any.whl (51 kB)
Collecting pygments<3.0.0,>=2.6.0
  Using cached Pygments-2.13.0-py3-none-any.whl (1.1 MB)
Collecting ruamel.yaml.clib>=0.2.6
  Using cached ruamel.yaml.clib-0.2.6-cp39-cp39-manylinux1_x86_64.whl (539 kB)
Collecting bracex>=2.1.1
  Using cached bracex-2.3.post1-py3-none-any.whl (12 kB)
Collecting pyparsing!=3.0.5,>=2.0.2
  Using cached pyparsing-3.0.9-py3-none-any.whl (98 kB)
Collecting chardet>=3.0.2
  Using cached chardet-5.0.0-py3-none-any.whl (193 kB)
Collecting cffi>=1.12
  Using cached cffi-1.15.1-cp39-cp39-manylinux_2_17_x86_64.manylinux2014_x86_64.whl (441 kB)
Collecting arrow
  Using cached arrow-1.2.3-py3-none-any.whl (66 kB)
Collecting pyrsistent!=0.17.0,!=0.17.1,!=0.17.2,>=0.14.0
  Using cached pyrsistent-0.18.1-cp39-cp39-manylinux_2_17_x86_64.manylinux2014_x86_64.whl (115 kB)
Collecting attrs>=17.4.0
  Using cached attrs-22.1.0-py2.py3-none-any.whl (58 kB)
Collecting text-unidecode>=1.3
  Using cached text_unidecode-1.3-py2.py3-none-any.whl (78 kB)
Collecting charset-normalizer<3,>=2
  Using cached charset_normalizer-2.1.1-py3-none-any.whl (39 kB)
Collecting idna<4,>=2.5
  Using cached idna-3.4-py3-none-any.whl (61 kB)
Collecting urllib3<1.27,>=1.21.1
  Using cached urllib3-1.26.12-py2.py3-none-any.whl (140 kB)
Collecting certifi>=2017.4.17
  Using cached certifi-2022.9.24-py3-none-any.whl (161 kB)
Collecting pycparser
  Using cached pycparser-2.21-py2.py3-none-any.whl (118 kB)
Collecting python-dateutil>=2.7.0
  Using cached python_dateutil-2.8.2-py2.py3-none-any.whl (247 kB)
Building wheels for collected packages: ansible
  Building wheel for ansible (setup.py): started
  Building wheel for ansible (setup.py): finished with status 'done'
  Created wheel for ansible: filename=ansible-3.0.0-py3-none-any.whl size=51827981 sha256=330584329fc0e5c0b6f1583cad345d67c22e993e729b704d5fe1fa4d3ddab819
  Stored in directory: /root/.cache/pip/wheels/74/f9/f8/dfd4eec11522b3db4d2d90dffc2a1d28695e9a341b85fc84a4
Successfully built ansible
Installing collected packages: text-unidecode, commonmark, urllib3, tenacity, subprocess-tee, six, ruamel.yaml.clib, pyyaml, python-slugify, pyrsistent, pyparsing, pygments, pycparser, pluggy, pathspec, MarkupSafe, lxml, jmespath, idna, distro, click, charset-normalizer, chardet, certifi, cerberus, bracex, bcrypt, attrs, yamllint, wcmatch, selinux, ruamel.yaml, rich, requests, python-dateutil, packaging, jsonschema, Jinja2, click-help-colors, cffi, binaryornot, pynacl, enrich, cryptography, arrow, ansible-compat, paramiko, jinja2-time, ansible-lint, ansible-base, cookiecutter, ansible, molecule, molecule_podman
Successfully installed Jinja2-3.1.2 MarkupSafe-2.1.1 ansible-3.0.0 ansible-base-2.10.17 ansible-compat-2.2.1 ansible-lint-5.1.3 arrow-1.2.3 attrs-22.1.0 bcrypt-4.0.1 binaryornot-0.4.4 bracex-2.3.post1 cerberus-1.3.2 certifi-2022.9.24 cffi-1.15.1 chardet-5.0.0 charset-normalizer-2.1.1 click-8.1.3 click-help-colors-0.9.1 commonmark-0.9.1 cookiecutter-2.1.1 cryptography-38.0.1 distro-1.8.0 enrich-1.2.7 idna-3.4 jinja2-time-0.2.0 jmespath-1.0.1 jsonschema-4.16.0 lxml-4.9.1 molecule-3.4.0 molecule_podman-1.0.1 packaging-21.3 paramiko-2.11.0 pathspec-0.10.1 pluggy-0.13.1 pycparser-2.21 pygments-2.13.0 pynacl-1.5.0 pyparsing-3.0.9 pyrsistent-0.18.1 python-dateutil-2.8.2 python-slugify-6.1.2 pyyaml-5.4.1 requests-2.28.1 rich-12.6.0 ruamel.yaml-0.17.21 ruamel.yaml.clib-0.2.6 selinux-0.2.1 six-1.16.0 subprocess-tee-0.3.5 tenacity-8.1.0 text-unidecode-1.3 urllib3-1.26.12 wcmatch-8.4.1 yamllint-1.26.3
WARNING: You are using pip version 22.0.4; however, version 22.3 is available.
You should consider upgrading via the '/opt/vector-role/.tox/py39-ansible30/bin/python -m pip install --upgrade pip' command.
